<?xml version="1.0" encoding="utf-8"?><testsuites><testsuite name="pytest" errors="0" failures="0" skipped="0" tests="4" time="7.183" timestamp="2024-07-31T10:24:52.547996" hostname="CL-IT01638"><testcase classname="tests.api.test_api.TestBatchPipeline" name="test_should_failed_unkown_column_1" time="0.107" /><testcase classname="tests.api.test_api.TestBatchPipeline" name="test_should_failed_unkown_column_2" time="0.014" /><testcase classname="tests.api.test_api.TestBatchPipeline" name="test_should_failed_unkown_column_3" time="0.014" /><testcase classname="tests.api.test_api.TestBatchPipeline" name="test_should_get_predict" time="0.096" /></testsuite></testsuites>